TN:
SF:src\model\config-m-l.ts
FN:5,ConfigML
FNF:1
FNH:1
FNDA:2,ConfigML
DA:1,2
DA:2,2
DA:3,2
DA:4,2
DA:5,2
DA:6,2
DA:7,2
DA:8,2
DA:9,2
DA:10,2
LF:10
LH:10
BRDA:5,0,0,2
BRF:1
BRH:1
end_of_record
TN:
SF:src\repository\abstract-repo.ts
FN:7,AbstractRepo
FNF:1
FNH:1
FNDA:2,AbstractRepo
DA:1,2
DA:2,2
DA:3,2
DA:4,2
DA:5,2
DA:6,2
DA:7,2
DA:8,2
DA:9,2
DA:10,2
LF:10
LH:10
BRDA:7,0,0,2
BRF:1
BRH:1
end_of_record
TN:
SF:src\repository\personne\client\client-repo-gl.ts
FN:9,ClientRepoGL
FN:13,searchClient
FNF:2
FNH:2
FNDA:2,ClientRepoGL
FNDA:2,searchClient
DA:1,2
DA:2,2
DA:3,2
DA:4,2
DA:5,2
DA:6,2
DA:7,2
DA:8,2
DA:9,2
DA:10,2
DA:11,2
DA:12,2
DA:13,2
DA:14,2
DA:15,2
DA:16,2
DA:17,2
DA:18,2
DA:19,2
DA:20,0
DA:21,0
DA:22,0
DA:23,0
DA:24,0
DA:25,2
DA:26,2
LF:26
LH:21
BRDA:9,0,0,2
BRDA:13,1,0,2
BRDA:20,2,0,0
BRF:3
BRH:2
end_of_record
